<?xml version="1.0" encoding="UTF-8"?>
<!-- Generated by org.testng.reporters.JUnitReportReporter -->
<testsuite hostname="d61150e0baca5a6" failures="0" tests="2" name="ustbatchnumber3.testng.EmployeeTest" time="0.020" errors="0" timestamp="2023-03-13T12:33:03 IST" skipped="0">
  <testcase classname="ustbatchnumber3.testng.EmployeeTest" name="Test1" time="0.015"/>
  <system-out/>
  <testcase classname="ustbatchnumber3.testng.EmployeeTest" name="Test2" time="0.005"/>
  <system-out/>
</testsuite> <!-- ustbatchnumber3.testng.EmployeeTest -->
